{"/Users/nicolaslopezj/Code/Node/labs/projects/orionjs/packages/schema/src/Errors.js": {"path":"/Users/nicolaslopezj/Code/Node/labs/projects/orionjs/packages/schema/src/Errors.js","statementMap":{},"fnMap":{},"branchMap":{},"s":{},"f":{},"b":{},"_coverageSchema":"332fd63041d2c1bcb487cc26dd0d5f7d97098a6c","hash":"179326db5c6e1dd3f381e5a8a5c21c1b9c6b39ad"}
,"/Users/nicolaslopezj/Code/Node/labs/projects/orionjs/packages/schema/src/ValidationError.js": {"path":"/Users/nicolaslopezj/Code/Node/labs/projects/orionjs/packages/schema/src/ValidationError.js","statementMap":{"0":{"start":{"line":5,"column":4},"end":{"line":7,"column":5}},"1":{"start":{"line":6,"column":6},"end":{"line":6,"column":82}},"2":{"start":{"line":9,"column":4},"end":{"line":9,"column":29}},"3":{"start":{"line":10,"column":4},"end":{"line":10,"column":51}},"4":{"start":{"line":12,"column":4},"end":{"line":12,"column":33}},"5":{"start":{"line":13,"column":4},"end":{"line":13,"column":33}},"6":{"start":{"line":14,"column":4},"end":{"line":14,"column":28}},"7":{"start":{"line":15,"column":4},"end":{"line":15,"column":44}},"8":{"start":{"line":17,"column":4},"end":{"line":23,"column":5}},"9":{"start":{"line":18,"column":6},"end":{"line":22,"column":7}}},"fnMap":{"0":{"name":"(anonymous_0)","decl":{"start":{"line":4,"column":2},"end":{"line":4,"column":3}},"loc":{"start":{"line":4,"column":32},"end":{"line":24,"column":3}},"line":4},"1":{"name":"(anonymous_1)","decl":{"start":{"line":17,"column":19},"end":{"line":17,"column":20}},"loc":{"start":{"line":17,"column":25},"end":{"line":23,"column":5}},"line":17}},"branchMap":{"0":{"loc":{"start":{"line":5,"column":4},"end":{"line":7,"column":5}},"type":"if","locations":[{"start":{"line":5,"column":4},"end":{"line":7,"column":5}},{"start":{"line":5,"column":4},"end":{"line":7,"column":5}}],"line":5}},"s":{"0":5,"1":1,"2":4,"3":4,"4":4,"5":4,"6":4,"7":4,"8":4,"9":1},"f":{"0":5,"1":1},"b":{"0":[1,4]},"_coverageSchema":"332fd63041d2c1bcb487cc26dd0d5f7d97098a6c","hash":"9298e615bc2e28e308d484c56605776bcf00aab6"}
,"/Users/nicolaslopezj/Code/Node/labs/projects/orionjs/packages/schema/src/fieldType.js": {"path":"/Users/nicolaslopezj/Code/Node/labs/projects/orionjs/packages/schema/src/fieldType.js","statementMap":{"0":{"start":{"line":2,"column":2},"end":{"line":11,"column":3}},"1":{"start":{"line":4,"column":6},"end":{"line":6,"column":7}},"2":{"start":{"line":5,"column":8},"end":{"line":5,"column":31}},"3":{"start":{"line":7,"column":6},"end":{"line":7,"column":34}}},"fnMap":{"0":{"name":"(anonymous_0)","decl":{"start":{"line":1,"column":15},"end":{"line":1,"column":16}},"loc":{"start":{"line":1,"column":43},"end":{"line":12,"column":1}},"line":1}},"branchMap":{"0":{"loc":{"start":{"line":3,"column":20},"end":{"line":3,"column":29}},"type":"default-arg","locations":[{"start":{"line":3,"column":27},"end":{"line":3,"column":29}}],"line":3},"1":{"loc":{"start":{"line":4,"column":6},"end":{"line":6,"column":7}},"type":"if","locations":[{"start":{"line":4,"column":6},"end":{"line":6,"column":7}},{"start":{"line":4,"column":6},"end":{"line":6,"column":7}}],"line":4}},"s":{"0":39,"1":96,"2":35,"3":96},"f":{"0":39},"b":{"0":[35],"1":[35,61]},"_coverageSchema":"332fd63041d2c1bcb487cc26dd0d5f7d97098a6c","hash":"2b482783e703503936a195c5cb30ccbc95884683"}
,"/Users/nicolaslopezj/Code/Node/labs/projects/orionjs/packages/schema/src/isValid.js": {"path":"/Users/nicolaslopezj/Code/Node/labs/projects/orionjs/packages/schema/src/isValid.js","statementMap":{"0":{"start":{"line":4,"column":27},"end":{"line":4,"column":65}},"1":{"start":{"line":5,"column":2},"end":{"line":5,"column":26}}},"fnMap":{"0":{"name":"(anonymous_0)","decl":{"start":{"line":3,"column":15},"end":{"line":3,"column":16}},"loc":{"start":{"line":3,"column":43},"end":{"line":6,"column":1}},"line":3}},"branchMap":{},"s":{"0":2,"1":2},"f":{"0":2},"b":{},"_coverageSchema":"332fd63041d2c1bcb487cc26dd0d5f7d97098a6c","hash":"8e8fa0f22490c3f7a5ddd8c9c9ea382a011ab00e"}
,"/Users/nicolaslopezj/Code/Node/labs/projects/orionjs/packages/schema/src/validate.js": {"path":"/Users/nicolaslopezj/Code/Node/labs/projects/orionjs/packages/schema/src/validate.js","statementMap":{"0":{"start":{"line":5,"column":27},"end":{"line":5,"column":65}},"1":{"start":{"line":6,"column":2},"end":{"line":8,"column":3}},"2":{"start":{"line":7,"column":4},"end":{"line":7,"column":47}}},"fnMap":{"0":{"name":"(anonymous_0)","decl":{"start":{"line":4,"column":15},"end":{"line":4,"column":16}},"loc":{"start":{"line":4,"column":43},"end":{"line":9,"column":1}},"line":4}},"branchMap":{"0":{"loc":{"start":{"line":6,"column":2},"end":{"line":8,"column":3}},"type":"if","locations":[{"start":{"line":6,"column":2},"end":{"line":8,"column":3}},{"start":{"line":6,"column":2},"end":{"line":8,"column":3}}],"line":6}},"s":{"0":2,"1":2,"2":1},"f":{"0":2},"b":{"0":[1,1]},"_coverageSchema":"332fd63041d2c1bcb487cc26dd0d5f7d97098a6c","hash":"455a9426cbeed3397fcfc6aa06783837b0f304ac"}
,"/Users/nicolaslopezj/Code/Node/labs/projects/orionjs/packages/schema/src/fieldTypes/array.js": {"path":"/Users/nicolaslopezj/Code/Node/labs/projects/orionjs/packages/schema/src/fieldTypes/array.js","statementMap":{"0":{"start":{"line":7,"column":4},"end":{"line":7,"column":51}},"1":{"start":{"line":7,"column":25},"end":{"line":7,"column":51}}},"fnMap":{},"branchMap":{"0":{"loc":{"start":{"line":7,"column":4},"end":{"line":7,"column":51}},"type":"if","locations":[{"start":{"line":7,"column":4},"end":{"line":7,"column":51}},{"start":{"line":7,"column":4},"end":{"line":7,"column":51}}],"line":7}},"s":{"0":9,"1":3},"f":{},"b":{"0":[3,6]},"_coverageSchema":"332fd63041d2c1bcb487cc26dd0d5f7d97098a6c","hash":"68835675ce119767c2853a12bcf8ec23e3abd1eb"}
,"/Users/nicolaslopezj/Code/Node/labs/projects/orionjs/packages/schema/src/fieldTypes/date.js": {"path":"/Users/nicolaslopezj/Code/Node/labs/projects/orionjs/packages/schema/src/fieldTypes/date.js","statementMap":{"0":{"start":{"line":7,"column":4},"end":{"line":7,"column":48}},"1":{"start":{"line":7,"column":24},"end":{"line":7,"column":48}}},"fnMap":{},"branchMap":{"0":{"loc":{"start":{"line":7,"column":4},"end":{"line":7,"column":48}},"type":"if","locations":[{"start":{"line":7,"column":4},"end":{"line":7,"column":48}},{"start":{"line":7,"column":4},"end":{"line":7,"column":48}}],"line":7}},"s":{"0":5,"1":4},"f":{},"b":{"0":[4,1]},"_coverageSchema":"332fd63041d2c1bcb487cc26dd0d5f7d97098a6c","hash":"32b548129d83ce361facabc95d36bd5372658a17"}
,"/Users/nicolaslopezj/Code/Node/labs/projects/orionjs/packages/schema/src/fieldTypes/index.js": {"path":"/Users/nicolaslopezj/Code/Node/labs/projects/orionjs/packages/schema/src/fieldTypes/index.js","statementMap":{},"fnMap":{},"branchMap":{},"s":{},"f":{},"b":{},"_coverageSchema":"332fd63041d2c1bcb487cc26dd0d5f7d97098a6c","hash":"f497b8fcf7f88a582ae18fab9406ca4d7b48d822"}
,"/Users/nicolaslopezj/Code/Node/labs/projects/orionjs/packages/schema/src/fieldTypes/integer.js": {"path":"/Users/nicolaslopezj/Code/Node/labs/projects/orionjs/packages/schema/src/fieldTypes/integer.js","statementMap":{"0":{"start":{"line":8,"column":4},"end":{"line":8,"column":55}},"1":{"start":{"line":8,"column":27},"end":{"line":8,"column":55}},"2":{"start":{"line":9,"column":4},"end":{"line":9,"column":39}}},"fnMap":{},"branchMap":{"0":{"loc":{"start":{"line":8,"column":4},"end":{"line":8,"column":55}},"type":"if","locations":[{"start":{"line":8,"column":4},"end":{"line":8,"column":55}},{"start":{"line":8,"column":4},"end":{"line":8,"column":55}}],"line":8}},"s":{"0":7,"1":4,"2":3},"f":{},"b":{"0":[4,3]},"_coverageSchema":"332fd63041d2c1bcb487cc26dd0d5f7d97098a6c","hash":"cb7114a1af380d2862d2745b4319f4c340c00908"}
,"/Users/nicolaslopezj/Code/Node/labs/projects/orionjs/packages/schema/src/fieldTypes/number.js": {"path":"/Users/nicolaslopezj/Code/Node/labs/projects/orionjs/packages/schema/src/fieldTypes/number.js","statementMap":{"0":{"start":{"line":7,"column":4},"end":{"line":7,"column":52}},"1":{"start":{"line":7,"column":26},"end":{"line":7,"column":52}},"2":{"start":{"line":9,"column":4},"end":{"line":13,"column":5}},"3":{"start":{"line":10,"column":6},"end":{"line":12,"column":7}},"4":{"start":{"line":11,"column":8},"end":{"line":11,"column":38}},"5":{"start":{"line":15,"column":4},"end":{"line":19,"column":5}},"6":{"start":{"line":16,"column":6},"end":{"line":18,"column":7}},"7":{"start":{"line":17,"column":8},"end":{"line":17,"column":36}}},"fnMap":{},"branchMap":{"0":{"loc":{"start":{"line":7,"column":4},"end":{"line":7,"column":52}},"type":"if","locations":[{"start":{"line":7,"column":4},"end":{"line":7,"column":52}},{"start":{"line":7,"column":4},"end":{"line":7,"column":52}}],"line":7},"1":{"loc":{"start":{"line":9,"column":4},"end":{"line":13,"column":5}},"type":"if","locations":[{"start":{"line":9,"column":4},"end":{"line":13,"column":5}},{"start":{"line":9,"column":4},"end":{"line":13,"column":5}}],"line":9},"2":{"loc":{"start":{"line":10,"column":6},"end":{"line":12,"column":7}},"type":"if","locations":[{"start":{"line":10,"column":6},"end":{"line":12,"column":7}},{"start":{"line":10,"column":6},"end":{"line":12,"column":7}}],"line":10},"3":{"loc":{"start":{"line":15,"column":4},"end":{"line":19,"column":5}},"type":"if","locations":[{"start":{"line":15,"column":4},"end":{"line":19,"column":5}},{"start":{"line":15,"column":4},"end":{"line":19,"column":5}}],"line":15},"4":{"loc":{"start":{"line":16,"column":6},"end":{"line":18,"column":7}},"type":"if","locations":[{"start":{"line":16,"column":6},"end":{"line":18,"column":7}},{"start":{"line":16,"column":6},"end":{"line":18,"column":7}}],"line":16}},"s":{"0":14,"1":5,"2":9,"3":3,"4":1,"5":8,"6":2,"7":1},"f":{},"b":{"0":[5,9],"1":[3,6],"2":[1,2],"3":[2,6],"4":[1,1]},"_coverageSchema":"332fd63041d2c1bcb487cc26dd0d5f7d97098a6c","hash":"654303527af046221afd4495a8e4d44499b45f60"}
,"/Users/nicolaslopezj/Code/Node/labs/projects/orionjs/packages/schema/src/fieldTypes/plainObject.js": {"path":"/Users/nicolaslopezj/Code/Node/labs/projects/orionjs/packages/schema/src/fieldTypes/plainObject.js","statementMap":{"0":{"start":{"line":7,"column":4},"end":{"line":7,"column":58}},"1":{"start":{"line":7,"column":31},"end":{"line":7,"column":58}}},"fnMap":{},"branchMap":{"0":{"loc":{"start":{"line":7,"column":4},"end":{"line":7,"column":58}},"type":"if","locations":[{"start":{"line":7,"column":4},"end":{"line":7,"column":58}},{"start":{"line":7,"column":4},"end":{"line":7,"column":58}}],"line":7}},"s":{"0":27,"1":3},"f":{},"b":{"0":[3,24]},"_coverageSchema":"332fd63041d2c1bcb487cc26dd0d5f7d97098a6c","hash":"1307c90be90c13f5b5f3a0c8a777abeec25e0ff6"}
,"/Users/nicolaslopezj/Code/Node/labs/projects/orionjs/packages/schema/src/fieldTypes/string.js": {"path":"/Users/nicolaslopezj/Code/Node/labs/projects/orionjs/packages/schema/src/fieldTypes/string.js","statementMap":{"0":{"start":{"line":7,"column":4},"end":{"line":7,"column":52}},"1":{"start":{"line":7,"column":26},"end":{"line":7,"column":52}}},"fnMap":{},"branchMap":{"0":{"loc":{"start":{"line":7,"column":4},"end":{"line":7,"column":52}},"type":"if","locations":[{"start":{"line":7,"column":4},"end":{"line":7,"column":52}},{"start":{"line":7,"column":4},"end":{"line":7,"column":52}}],"line":7}},"s":{"0":32,"1":3},"f":{},"b":{"0":[3,29]},"_coverageSchema":"332fd63041d2c1bcb487cc26dd0d5f7d97098a6c","hash":"3d28e7714d91f576f69bf370d128e68d9103a02f"}
,"/Users/nicolaslopezj/Code/Node/labs/projects/orionjs/packages/schema/src/getValidationErrors/doValidation.js": {"path":"/Users/nicolaslopezj/Code/Node/labs/projects/orionjs/packages/schema/src/getValidationErrors/doValidation.js","statementMap":{"0":{"start":{"line":17,"column":16},"end":{"line":17,"column":73}},"1":{"start":{"line":18,"column":2},"end":{"line":21,"column":3}},"2":{"start":{"line":19,"column":4},"end":{"line":19,"column":25}},"3":{"start":{"line":20,"column":4},"end":{"line":20,"column":10}},"4":{"start":{"line":23,"column":2},"end":{"line":23,"column":26}},"5":{"start":{"line":23,"column":20},"end":{"line":23,"column":26}},"6":{"start":{"line":28,"column":2},"end":{"line":67,"column":3}},"7":{"start":{"line":29,"column":23},"end":{"line":29,"column":54}},"8":{"start":{"line":30,"column":4},"end":{"line":43,"column":5}},"9":{"start":{"line":31,"column":25},"end":{"line":31,"column":48}},"10":{"start":{"line":32,"column":24},"end":{"line":32,"column":34}},"11":{"start":{"line":33,"column":26},"end":{"line":33,"column":37}},"12":{"start":{"line":34,"column":6},"end":{"line":34,"column":27}},"13":{"start":{"line":35,"column":6},"end":{"line":42,"column":8}},"14":{"start":{"line":45,"column":25},"end":{"line":45,"column":43}},"15":{"start":{"line":46,"column":28},"end":{"line":46,"column":64}},"16":{"start":{"line":47,"column":4},"end":{"line":51,"column":5}},"17":{"start":{"line":48,"column":26},"end":{"line":48,"column":37}},"18":{"start":{"line":49,"column":6},"end":{"line":49,"column":27}},"19":{"start":{"line":50,"column":6},"end":{"line":50,"column":49}},"20":{"start":{"line":52,"column":9},"end":{"line":67,"column":3}},"21":{"start":{"line":53,"column":23},"end":{"line":53,"column":44}},"22":{"start":{"line":54,"column":4},"end":{"line":66,"column":5}},"23":{"start":{"line":55,"column":24},"end":{"line":55,"column":32}},"24":{"start":{"line":56,"column":26},"end":{"line":56,"column":37}},"25":{"start":{"line":57,"column":6},"end":{"line":57,"column":25}},"26":{"start":{"line":58,"column":6},"end":{"line":65,"column":8}}},"fnMap":{"0":{"name":"doValidation","decl":{"start":{"line":9,"column":30},"end":{"line":9,"column":42}},"loc":{"start":{"line":16,"column":3},"end":{"line":68,"column":1}},"line":16}},"branchMap":{"0":{"loc":{"start":{"line":14,"column":2},"end":{"line":14,"column":11}},"type":"default-arg","locations":[{"start":{"line":14,"column":9},"end":{"line":14,"column":11}}],"line":14},"1":{"loc":{"start":{"line":18,"column":2},"end":{"line":21,"column":3}},"type":"if","locations":[{"start":{"line":18,"column":2},"end":{"line":21,"column":3}},{"start":{"line":18,"column":2},"end":{"line":21,"column":3}}],"line":18},"2":{"loc":{"start":{"line":23,"column":2},"end":{"line":23,"column":26}},"type":"if","locations":[{"start":{"line":23,"column":2},"end":{"line":23,"column":26}},{"start":{"line":23,"column":2},"end":{"line":23,"column":26}}],"line":23},"3":{"loc":{"start":{"line":28,"column":2},"end":{"line":67,"column":3}},"type":"if","locations":[{"start":{"line":28,"column":2},"end":{"line":67,"column":3}},{"start":{"line":28,"column":2},"end":{"line":67,"column":3}}],"line":28},"4":{"loc":{"start":{"line":52,"column":9},"end":{"line":67,"column":3}},"type":"if","locations":[{"start":{"line":52,"column":9},"end":{"line":67,"column":3}},{"start":{"line":52,"column":9},"end":{"line":67,"column":3}}],"line":52}},"s":{"0":61,"1":61,"2":7,"3":7,"4":54,"5":2,"6":52,"7":22,"8":22,"9":45,"10":45,"11":45,"12":45,"13":45,"14":22,"15":22,"16":22,"17":3,"18":3,"19":3,"20":30,"21":4,"22":4,"23":7,"24":7,"25":7,"26":7},"f":{"0":61},"b":{"0":[9],"1":[7,54],"2":[2,52],"3":[22,30],"4":[4,26]},"_coverageSchema":"332fd63041d2c1bcb487cc26dd0d5f7d97098a6c","hash":"6e0af3bee0e0ad548d36e9da1265c397ab57a35e"}
,"/Users/nicolaslopezj/Code/Node/labs/projects/orionjs/packages/schema/src/getValidationErrors/getValidationErrorsObject.js": {"path":"/Users/nicolaslopezj/Code/Node/labs/projects/orionjs/packages/schema/src/getValidationErrors/getValidationErrorsObject.js","statementMap":{"0":{"start":{"line":2,"column":2},"end":{"line":2,"column":48}},"1":{"start":{"line":2,"column":37},"end":{"line":2,"column":48}},"2":{"start":{"line":4,"column":17},"end":{"line":4,"column":19}},"3":{"start":{"line":6,"column":2},"end":{"line":8,"column":3}},"4":{"start":{"line":7,"column":4},"end":{"line":7,"column":54}},"5":{"start":{"line":10,"column":2},"end":{"line":10,"column":15}}},"fnMap":{"0":{"name":"(anonymous_0)","decl":{"start":{"line":1,"column":15},"end":{"line":1,"column":16}},"loc":{"start":{"line":1,"column":42},"end":{"line":11,"column":1}},"line":1}},"branchMap":{"0":{"loc":{"start":{"line":2,"column":2},"end":{"line":2,"column":48}},"type":"if","locations":[{"start":{"line":2,"column":2},"end":{"line":2,"column":48}},{"start":{"line":2,"column":2},"end":{"line":2,"column":48}}],"line":2}},"s":{"0":9,"1":3,"2":6,"3":6,"4":10,"5":6},"f":{"0":9},"b":{"0":[3,6]},"_coverageSchema":"332fd63041d2c1bcb487cc26dd0d5f7d97098a6c","hash":"0eeb5757b5630ff692ad2bc133a7ebaf9ed1bfaf"}
,"/Users/nicolaslopezj/Code/Node/labs/projects/orionjs/packages/schema/src/getValidationErrors/index.js": {"path":"/Users/nicolaslopezj/Code/Node/labs/projects/orionjs/packages/schema/src/getValidationErrors/index.js","statementMap":{"0":{"start":{"line":5,"column":17},"end":{"line":5,"column":19}},"1":{"start":{"line":7,"column":19},"end":{"line":12,"column":3}},"2":{"start":{"line":8,"column":4},"end":{"line":11,"column":6}},"3":{"start":{"line":14,"column":2},"end":{"line":20,"column":4}},"4":{"start":{"line":22,"column":2},"end":{"line":22,"column":42}}},"fnMap":{"0":{"name":"(anonymous_0)","decl":{"start":{"line":4,"column":15},"end":{"line":4,"column":16}},"loc":{"start":{"line":4,"column":43},"end":{"line":23,"column":1}},"line":4},"1":{"name":"(anonymous_1)","decl":{"start":{"line":7,"column":19},"end":{"line":7,"column":20}},"loc":{"start":{"line":7,"column":40},"end":{"line":12,"column":3}},"line":7}},"branchMap":{},"s":{"0":9,"1":9,"2":10,"3":9,"4":9},"f":{"0":9,"1":10},"b":{},"_coverageSchema":"332fd63041d2c1bcb487cc26dd0d5f7d97098a6c","hash":"9544d3ee3b0a3d2094010db2832d5947d53581e7"}
,"/Users/nicolaslopezj/Code/Node/labs/projects/orionjs/packages/schema/src/getValidationErrors/getError/getFieldValidator.js": {"path":"/Users/nicolaslopezj/Code/Node/labs/projects/orionjs/packages/schema/src/getValidationErrors/getError/getFieldValidator.js","statementMap":{"0":{"start":{"line":8,"column":2},"end":{"line":11,"column":3}},"1":{"start":{"line":9,"column":4},"end":{"line":9,"column":42}},"2":{"start":{"line":9,"column":27},"end":{"line":9,"column":42}},"3":{"start":{"line":10,"column":4},"end":{"line":10,"column":24}},"4":{"start":{"line":12,"column":2},"end":{"line":12,"column":35}},"5":{"start":{"line":12,"column":21},"end":{"line":12,"column":35}},"6":{"start":{"line":13,"column":2},"end":{"line":13,"column":38}},"7":{"start":{"line":13,"column":23},"end":{"line":13,"column":38}},"8":{"start":{"line":14,"column":2},"end":{"line":14,"column":34}},"9":{"start":{"line":14,"column":21},"end":{"line":14,"column":34}},"10":{"start":{"line":15,"column":2},"end":{"line":15,"column":38}},"11":{"start":{"line":15,"column":23},"end":{"line":15,"column":38}},"12":{"start":{"line":17,"column":2},"end":{"line":19,"column":3}},"13":{"start":{"line":18,"column":4},"end":{"line":18,"column":82}},"14":{"start":{"line":21,"column":17},"end":{"line":21,"column":38}},"15":{"start":{"line":23,"column":2},"end":{"line":25,"column":3}},"16":{"start":{"line":24,"column":4},"end":{"line":24,"column":48}},"17":{"start":{"line":27,"column":2},"end":{"line":27,"column":13}}},"fnMap":{"0":{"name":"(anonymous_0)","decl":{"start":{"line":7,"column":15},"end":{"line":7,"column":16}},"loc":{"start":{"line":7,"column":36},"end":{"line":28,"column":1}},"line":7}},"branchMap":{"0":{"loc":{"start":{"line":8,"column":2},"end":{"line":11,"column":3}},"type":"if","locations":[{"start":{"line":8,"column":2},"end":{"line":11,"column":3}},{"start":{"line":8,"column":2},"end":{"line":11,"column":3}}],"line":8},"1":{"loc":{"start":{"line":9,"column":4},"end":{"line":9,"column":42}},"type":"if","locations":[{"start":{"line":9,"column":4},"end":{"line":9,"column":42}},{"start":{"line":9,"column":4},"end":{"line":9,"column":42}}],"line":9},"2":{"loc":{"start":{"line":12,"column":2},"end":{"line":12,"column":35}},"type":"if","locations":[{"start":{"line":12,"column":2},"end":{"line":12,"column":35}},{"start":{"line":12,"column":2},"end":{"line":12,"column":35}}],"line":12},"3":{"loc":{"start":{"line":13,"column":2},"end":{"line":13,"column":38}},"type":"if","locations":[{"start":{"line":13,"column":2},"end":{"line":13,"column":38}},{"start":{"line":13,"column":2},"end":{"line":13,"column":38}}],"line":13},"4":{"loc":{"start":{"line":14,"column":2},"end":{"line":14,"column":34}},"type":"if","locations":[{"start":{"line":14,"column":2},"end":{"line":14,"column":34}},{"start":{"line":14,"column":2},"end":{"line":14,"column":34}}],"line":14},"5":{"loc":{"start":{"line":15,"column":2},"end":{"line":15,"column":38}},"type":"if","locations":[{"start":{"line":15,"column":2},"end":{"line":15,"column":38}},{"start":{"line":15,"column":2},"end":{"line":15,"column":38}}],"line":15},"6":{"loc":{"start":{"line":17,"column":2},"end":{"line":19,"column":3}},"type":"if","locations":[{"start":{"line":17,"column":2},"end":{"line":19,"column":3}},{"start":{"line":17,"column":2},"end":{"line":19,"column":3}}],"line":17},"7":{"loc":{"start":{"line":23,"column":2},"end":{"line":25,"column":3}},"type":"if","locations":[{"start":{"line":23,"column":2},"end":{"line":25,"column":3}},{"start":{"line":23,"column":2},"end":{"line":25,"column":3}}],"line":23}},"s":{"0":64,"1":25,"2":2,"3":23,"4":39,"5":5,"6":34,"7":28,"8":6,"9":1,"10":5,"11":1,"12":4,"13":1,"14":3,"15":3,"16":1,"17":2},"f":{"0":64},"b":{"0":[25,39],"1":[2,23],"2":[5,34],"3":[28,6],"4":[1,5],"5":[1,4],"6":[1,3],"7":[1,2]},"_coverageSchema":"332fd63041d2c1bcb487cc26dd0d5f7d97098a6c","hash":"eac08a8a631022b9178334fc87efa9d261addfca"}
,"/Users/nicolaslopezj/Code/Node/labs/projects/orionjs/packages/schema/src/getValidationErrors/getError/index.js": {"path":"/Users/nicolaslopezj/Code/Node/labs/projects/orionjs/packages/schema/src/getValidationErrors/getError/index.js","statementMap":{"0":{"start":{"line":7,"column":15},"end":{"line":7,"column":49}},"1":{"start":{"line":9,"column":2},"end":{"line":15,"column":3}},"2":{"start":{"line":10,"column":4},"end":{"line":14,"column":5}},"3":{"start":{"line":11,"column":6},"end":{"line":11,"column":17}},"4":{"start":{"line":13,"column":6},"end":{"line":13,"column":28}},"5":{"start":{"line":17,"column":23},"end":{"line":17,"column":66}},"6":{"start":{"line":18,"column":20},"end":{"line":18,"column":93}},"7":{"start":{"line":20,"column":16},"end":{"line":20,"column":53}},"8":{"start":{"line":21,"column":2},"end":{"line":23,"column":3}},"9":{"start":{"line":22,"column":4},"end":{"line":22,"column":16}},"10":{"start":{"line":25,"column":2},"end":{"line":25,"column":13}}},"fnMap":{"0":{"name":"(anonymous_0)","decl":{"start":{"line":6,"column":15},"end":{"line":6,"column":16}},"loc":{"start":{"line":6,"column":73},"end":{"line":26,"column":1}},"line":6}},"branchMap":{"0":{"loc":{"start":{"line":9,"column":2},"end":{"line":15,"column":3}},"type":"if","locations":[{"start":{"line":9,"column":2},"end":{"line":15,"column":3}},{"start":{"line":9,"column":2},"end":{"line":15,"column":3}}],"line":9},"1":{"loc":{"start":{"line":10,"column":4},"end":{"line":14,"column":5}},"type":"if","locations":[{"start":{"line":10,"column":4},"end":{"line":14,"column":5}},{"start":{"line":10,"column":4},"end":{"line":14,"column":5}}],"line":10},"2":{"loc":{"start":{"line":18,"column":20},"end":{"line":18,"column":93}},"type":"cond-expr","locations":[{"start":{"line":18,"column":48},"end":{"line":18,"column":66}},{"start":{"line":18,"column":69},"end":{"line":18,"column":93}}],"line":18},"3":{"loc":{"start":{"line":21,"column":2},"end":{"line":23,"column":3}},"type":"if","locations":[{"start":{"line":21,"column":2},"end":{"line":23,"column":3}},{"start":{"line":21,"column":2},"end":{"line":23,"column":3}}],"line":21}},"s":{"0":65,"1":65,"2":10,"3":2,"4":8,"5":55,"6":55,"7":55,"8":55,"9":2,"10":53},"f":{"0":65},"b":{"0":[10,55],"1":[2,8],"2":[2,53],"3":[2,53]},"_coverageSchema":"332fd63041d2c1bcb487cc26dd0d5f7d97098a6c","hash":"6b61692fadbb3496b4c2a1f0364e8197c2cf23b0"}
}
