TN:
SF:/Users/nicolaslopezj/Code/Node/labs/projects/orionjs/packages/schema/src/Errors.js
FNF:0
FNH:0
LF:0
LH:0
BRF:0
BRH:0
end_of_record
TN:
SF:/Users/nicolaslopezj/Code/Node/labs/projects/orionjs/packages/schema/src/ValidationError.js
FN:4,(anonymous_0)
FN:17,(anonymous_1)
FNF:2
FNH:2
FNDA:5,(anonymous_0)
FNDA:1,(anonymous_1)
DA:5,5
DA:6,1
DA:9,4
DA:10,4
DA:12,4
DA:13,4
DA:14,4
DA:15,4
DA:17,4
DA:18,1
LF:10
LH:10
BRDA:5,0,0,1
BRDA:5,0,1,4
BRF:2
BRH:2
end_of_record
TN:
SF:/Users/nicolaslopezj/Code/Node/labs/projects/orionjs/packages/schema/src/fieldType.js
FN:1,(anonymous_0)
FNF:1
FNH:1
FNDA:39,(anonymous_0)
DA:2,39
DA:4,96
DA:5,35
DA:7,96
LF:4
LH:4
BRDA:3,0,0,35
BRDA:4,1,0,35
BRDA:4,1,1,61
BRF:3
BRH:3
end_of_record
TN:
SF:/Users/nicolaslopezj/Code/Node/labs/projects/orionjs/packages/schema/src/isValid.js
FN:3,(anonymous_0)
FNF:1
FNH:1
FNDA:2,(anonymous_0)
DA:4,2
DA:5,2
LF:2
LH:2
BRF:0
BRH:0
end_of_record
TN:
SF:/Users/nicolaslopezj/Code/Node/labs/projects/orionjs/packages/schema/src/validate.js
FN:4,(anonymous_0)
FNF:1
FNH:1
FNDA:2,(anonymous_0)
DA:5,2
DA:6,2
DA:7,1
LF:3
LH:3
BRDA:6,0,0,1
BRDA:6,0,1,1
BRF:2
BRH:2
end_of_record
TN:
SF:/Users/nicolaslopezj/Code/Node/labs/projects/orionjs/packages/schema/src/fieldTypes/array.js
FNF:0
FNH:0
DA:7,9
LF:1
LH:1
BRDA:7,0,0,3
BRDA:7,0,1,6
BRF:2
BRH:2
end_of_record
TN:
SF:/Users/nicolaslopezj/Code/Node/labs/projects/orionjs/packages/schema/src/fieldTypes/date.js
FNF:0
FNH:0
DA:7,5
LF:1
LH:1
BRDA:7,0,0,4
BRDA:7,0,1,1
BRF:2
BRH:2
end_of_record
TN:
SF:/Users/nicolaslopezj/Code/Node/labs/projects/orionjs/packages/schema/src/fieldTypes/index.js
FNF:0
FNH:0
LF:0
LH:0
BRF:0
BRH:0
end_of_record
TN:
SF:/Users/nicolaslopezj/Code/Node/labs/projects/orionjs/packages/schema/src/fieldTypes/integer.js
FNF:0
FNH:0
DA:8,7
DA:9,3
LF:2
LH:2
BRDA:8,0,0,4
BRDA:8,0,1,3
BRF:2
BRH:2
end_of_record
TN:
SF:/Users/nicolaslopezj/Code/Node/labs/projects/orionjs/packages/schema/src/fieldTypes/number.js
FNF:0
FNH:0
DA:7,14
DA:9,9
DA:10,3
DA:11,1
DA:15,8
DA:16,2
DA:17,1
LF:7
LH:7
BRDA:7,0,0,5
BRDA:7,0,1,9
BRDA:9,1,0,3
BRDA:9,1,1,6
BRDA:10,2,0,1
BRDA:10,2,1,2
BRDA:15,3,0,2
BRDA:15,3,1,6
BRDA:16,4,0,1
BRDA:16,4,1,1
BRF:10
BRH:10
end_of_record
TN:
SF:/Users/nicolaslopezj/Code/Node/labs/projects/orionjs/packages/schema/src/fieldTypes/plainObject.js
FNF:0
FNH:0
DA:7,27
LF:1
LH:1
BRDA:7,0,0,3
BRDA:7,0,1,24
BRF:2
BRH:2
end_of_record
TN:
SF:/Users/nicolaslopezj/Code/Node/labs/projects/orionjs/packages/schema/src/fieldTypes/string.js
FNF:0
FNH:0
DA:7,32
LF:1
LH:1
BRDA:7,0,0,3
BRDA:7,0,1,29
BRF:2
BRH:2
end_of_record
TN:
SF:/Users/nicolaslopezj/Code/Node/labs/projects/orionjs/packages/schema/src/getValidationErrors/doValidation.js
FN:9,doValidation
FNF:1
FNH:1
FNDA:61,doValidation
DA:17,61
DA:18,61
DA:19,7
DA:20,7
DA:23,54
DA:28,52
DA:29,22
DA:30,22
DA:31,45
DA:32,45
DA:33,45
DA:34,45
DA:35,45
DA:45,22
DA:46,22
DA:47,22
DA:48,3
DA:49,3
DA:50,3
DA:52,30
DA:53,4
DA:54,4
DA:55,7
DA:56,7
DA:57,7
DA:58,7
LF:26
LH:26
BRDA:14,0,0,9
BRDA:18,1,0,7
BRDA:18,1,1,54
BRDA:23,2,0,2
BRDA:23,2,1,52
BRDA:28,3,0,22
BRDA:28,3,1,30
BRDA:52,4,0,4
BRDA:52,4,1,26
BRF:9
BRH:9
end_of_record
TN:
SF:/Users/nicolaslopezj/Code/Node/labs/projects/orionjs/packages/schema/src/getValidationErrors/getValidationErrorsObject.js
FN:1,(anonymous_0)
FNF:1
FNH:1
FNDA:9,(anonymous_0)
DA:2,9
DA:4,6
DA:6,6
DA:7,10
DA:10,6
LF:5
LH:5
BRDA:2,0,0,3
BRDA:2,0,1,6
BRF:2
BRH:2
end_of_record
TN:
SF:/Users/nicolaslopezj/Code/Node/labs/projects/orionjs/packages/schema/src/getValidationErrors/index.js
FN:4,(anonymous_0)
FN:7,(anonymous_1)
FNF:2
FNH:2
FNDA:9,(anonymous_0)
FNDA:10,(anonymous_1)
DA:5,9
DA:7,9
DA:8,10
DA:14,9
DA:22,9
LF:5
LH:5
BRF:0
BRH:0
end_of_record
TN:
SF:/Users/nicolaslopezj/Code/Node/labs/projects/orionjs/packages/schema/src/getValidationErrors/getError/getFieldValidator.js
FN:7,(anonymous_0)
FNF:1
FNH:1
FNDA:64,(anonymous_0)
DA:8,64
DA:9,25
DA:10,23
DA:12,39
DA:13,34
DA:14,6
DA:15,5
DA:17,4
DA:18,1
DA:21,3
DA:23,3
DA:24,1
DA:27,2
LF:13
LH:13
BRDA:8,0,0,25
BRDA:8,0,1,39
BRDA:9,1,0,2
BRDA:9,1,1,23
BRDA:12,2,0,5
BRDA:12,2,1,34
BRDA:13,3,0,28
BRDA:13,3,1,6
BRDA:14,4,0,1
BRDA:14,4,1,5
BRDA:15,5,0,1
BRDA:15,5,1,4
BRDA:17,6,0,1
BRDA:17,6,1,3
BRDA:23,7,0,1
BRDA:23,7,1,2
BRF:16
BRH:16
end_of_record
TN:
SF:/Users/nicolaslopezj/Code/Node/labs/projects/orionjs/packages/schema/src/getValidationErrors/getError/index.js
FN:6,(anonymous_0)
FNF:1
FNH:1
FNDA:65,(anonymous_0)
DA:7,65
DA:9,65
DA:10,10
DA:11,2
DA:13,8
DA:17,55
DA:18,55
DA:20,55
DA:21,55
DA:22,2
DA:25,53
LF:11
LH:11
BRDA:9,0,0,10
BRDA:9,0,1,55
BRDA:10,1,0,2
BRDA:10,1,1,8
BRDA:18,2,0,2
BRDA:18,2,1,53
BRDA:21,3,0,2
BRDA:21,3,1,53
BRF:8
BRH:8
end_of_record
