TN:
SF:/Users/nicolaslopezj/Code/Node/labs/projects/orionjs/packages/schema/src/Errors.js
FNF:0
FNH:0
LF:0
LH:0
BRF:0
BRH:0
end_of_record
TN:
SF:/Users/nicolaslopezj/Code/Node/labs/projects/orionjs/packages/schema/src/ValidationError.js
FN:4,(anonymous_0)
FN:17,(anonymous_1)
FNF:2
FNH:2
FNDA:5,(anonymous_0)
FNDA:1,(anonymous_1)
DA:5,5
DA:6,1
DA:9,4
DA:10,4
DA:12,4
DA:13,4
DA:14,4
DA:15,4
DA:17,4
DA:18,1
LF:10
LH:10
BRDA:5,0,0,1
BRDA:5,0,1,4
BRF:2
BRH:2
end_of_record
TN:
SF:/Users/nicolaslopezj/Code/Node/labs/projects/orionjs/packages/schema/src/fieldType.js
FN:1,(anonymous_0)
FNF:1
FNH:1
FNDA:72,(anonymous_0)
DA:2,72
DA:6,117
DA:7,53
DA:9,117
LF:4
LH:4
BRDA:5,0,0,53
BRDA:6,1,0,53
BRDA:6,1,1,64
BRF:3
BRH:3
end_of_record
TN:
SF:/Users/nicolaslopezj/Code/Node/labs/projects/orionjs/packages/schema/src/isValid.js
FN:3,(anonymous_0)
FNF:1
FNH:1
FNDA:2,(anonymous_0)
DA:4,2
DA:5,2
LF:2
LH:2
BRF:0
BRH:0
end_of_record
TN:
SF:/Users/nicolaslopezj/Code/Node/labs/projects/orionjs/packages/schema/src/validate.js
FN:4,(anonymous_0)
FNF:1
FNH:1
FNDA:2,(anonymous_0)
DA:5,2
DA:6,2
DA:7,1
LF:3
LH:3
BRDA:6,0,0,1
BRDA:6,0,1,1
BRF:2
BRH:2
end_of_record
TN:
SF:/Users/nicolaslopezj/Code/Node/labs/projects/orionjs/packages/schema/src/clean/cleanType.js
FN:3,(anonymous_0)
FNF:1
FNH:1
FNDA:19,(anonymous_0)
DA:4,19
DA:5,19
DA:6,19
LF:3
LH:3
BRDA:5,0,0,0
BRDA:5,0,1,19
BRF:2
BRH:1
end_of_record
TN:
SF:/Users/nicolaslopezj/Code/Node/labs/projects/orionjs/packages/schema/src/clean/index.js
FN:6,(anonymous_0)
FN:41,(anonymous_1)
FNF:2
FNH:2
FNDA:19,(anonymous_0)
FNDA:5,(anonymous_1)
DA:6,1
DA:7,19
DA:8,19
DA:9,0
DA:10,0
DA:11,0
DA:12,0
DA:13,0
DA:16,0
DA:17,19
DA:18,5
DA:19,5
DA:20,5
DA:21,15
DA:22,14
DA:23,14
DA:24,13
DA:28,5
DA:30,14
DA:34,1
DA:42,5
DA:43,5
LF:22
LH:16
BRDA:8,0,0,0
BRDA:8,0,1,19
BRDA:8,1,0,19
BRDA:8,1,1,0
BRDA:12,2,0,0
BRDA:12,2,1,0
BRDA:17,3,0,5
BRDA:17,3,1,14
BRDA:17,4,0,19
BRDA:17,4,1,5
BRDA:21,5,0,14
BRDA:21,5,1,1
BRDA:23,6,0,13
BRDA:23,6,1,1
BRDA:41,7,0,0
BRDA:41,8,0,4
BRF:16
BRH:11
end_of_record
TN:
SF:/Users/nicolaslopezj/Code/Node/labs/projects/orionjs/packages/schema/src/fieldTypes/ID.js
FNF:0
FNH:0
DA:9,8
LF:1
LH:1
BRDA:9,0,0,5
BRDA:9,0,1,3
BRDA:9,1,0,8
BRDA:9,1,1,6
BRF:4
BRH:4
end_of_record
TN:
SF:/Users/nicolaslopezj/Code/Node/labs/projects/orionjs/packages/schema/src/fieldTypes/array.js
FNF:0
FNH:0
DA:8,9
DA:11,0
DA:12,0
DA:13,0
DA:17,0
LF:5
LH:1
BRDA:8,0,0,3
BRDA:8,0,1,6
BRDA:11,1,0,0
BRDA:11,1,1,0
BRDA:12,2,0,0
BRDA:12,2,1,0
BRF:6
BRH:2
end_of_record
TN:
SF:/Users/nicolaslopezj/Code/Node/labs/projects/orionjs/packages/schema/src/fieldTypes/blackbox.js
FNF:0
FNH:0
DA:8,0
LF:1
LH:0
BRDA:8,0,0,0
BRDA:8,0,1,0
BRF:2
BRH:0
end_of_record
TN:
SF:/Users/nicolaslopezj/Code/Node/labs/projects/orionjs/packages/schema/src/fieldTypes/boolean.js
FNF:0
FNH:0
DA:8,0
DA:11,5
DA:12,5
DA:13,2
DA:14,1
DA:16,2
DA:17,1
DA:20,5
DA:21,2
DA:22,1
DA:24,1
DA:29,5
LF:12
LH:11
BRDA:8,0,0,0
BRDA:8,0,1,0
BRDA:11,1,0,5
BRDA:11,1,1,0
BRDA:12,2,0,2
BRDA:12,2,1,3
BRDA:13,3,0,1
BRDA:13,3,1,1
BRDA:16,4,0,1
BRDA:16,4,1,1
BRDA:20,5,0,2
BRDA:20,5,1,3
BRDA:21,6,0,1
BRDA:21,6,1,1
BRF:14
BRH:11
end_of_record
TN:
SF:/Users/nicolaslopezj/Code/Node/labs/projects/orionjs/packages/schema/src/fieldTypes/date.js
FNF:0
FNH:0
DA:8,5
LF:1
LH:1
BRDA:8,0,0,4
BRDA:8,0,1,1
BRF:2
BRH:2
end_of_record
TN:
SF:/Users/nicolaslopezj/Code/Node/labs/projects/orionjs/packages/schema/src/fieldTypes/email.js
FNF:0
FNH:0
DA:8,5
DA:11,2
DA:13,2
LF:3
LH:3
BRDA:8,0,0,3
BRDA:8,0,1,2
BRDA:13,1,0,1
BRDA:13,1,1,1
BRF:4
BRH:4
end_of_record
TN:
SF:/Users/nicolaslopezj/Code/Node/labs/projects/orionjs/packages/schema/src/fieldTypes/index.js
FNF:0
FNH:0
LF:0
LH:0
BRF:0
BRH:0
end_of_record
TN:
SF:/Users/nicolaslopezj/Code/Node/labs/projects/orionjs/packages/schema/src/fieldTypes/integer.js
FNF:0
FNH:0
DA:9,7
DA:10,3
LF:2
LH:2
BRDA:9,0,0,4
BRDA:9,0,1,3
BRF:2
BRH:2
end_of_record
TN:
SF:/Users/nicolaslopezj/Code/Node/labs/projects/orionjs/packages/schema/src/fieldTypes/number.js
FNF:0
FNH:0
DA:9,14
DA:11,9
DA:12,3
DA:13,1
DA:17,8
DA:18,2
DA:19,1
DA:24,2
DA:25,1
DA:28,2
LF:10
LH:10
BRDA:9,0,0,5
BRDA:9,0,1,9
BRDA:11,1,0,3
BRDA:11,1,1,6
BRDA:12,2,0,1
BRDA:12,2,1,2
BRDA:17,3,0,2
BRDA:17,3,1,6
BRDA:18,4,0,1
BRDA:18,4,1,1
BRDA:24,5,0,1
BRDA:24,5,1,1
BRDA:24,6,0,2
BRDA:24,6,1,2
BRF:14
BRH:14
end_of_record
TN:
SF:/Users/nicolaslopezj/Code/Node/labs/projects/orionjs/packages/schema/src/fieldTypes/plainObject.js
FNF:0
FNH:0
DA:9,32
DA:12,5
DA:13,5
DA:14,5
DA:15,5
DA:16,5
DA:17,0
DA:21,5
LF:8
LH:7
BRDA:9,0,0,6
BRDA:9,0,1,26
BRDA:12,1,0,5
BRDA:12,1,1,0
BRF:4
BRH:3
end_of_record
TN:
SF:/Users/nicolaslopezj/Code/Node/labs/projects/orionjs/packages/schema/src/fieldTypes/string.js
FNF:0
FNH:0
DA:8,35
DA:10,32
DA:11,3
DA:12,1
DA:16,31
DA:17,2
DA:18,1
DA:23,7
DA:24,5
DA:27,7
DA:28,5
DA:31,7
DA:32,1
DA:35,6
LF:14
LH:14
BRDA:8,0,0,3
BRDA:8,0,1,32
BRDA:10,1,0,3
BRDA:10,1,1,29
BRDA:11,2,0,1
BRDA:11,2,1,2
BRDA:16,3,0,2
BRDA:16,3,1,29
BRDA:17,4,0,1
BRDA:17,4,1,1
BRDA:23,5,0,5
BRDA:23,5,1,2
BRDA:27,6,0,5
BRDA:27,6,1,2
BRDA:31,7,0,1
BRDA:31,7,1,6
BRDA:31,8,0,7
BRDA:31,8,1,7
BRF:18
BRH:18
end_of_record
TN:
SF:/Users/nicolaslopezj/Code/Node/labs/projects/orionjs/packages/schema/src/getValidationErrors/doValidation.js
FN:9,doValidation
FN:30,(anonymous_1)
FNF:2
FNH:2
FNDA:61,doValidation
FNDA:45,(anonymous_1)
DA:18,61
DA:19,61
DA:20,7
DA:21,7
DA:24,54
DA:29,52
DA:30,45
DA:31,22
DA:32,45
DA:33,45
DA:34,45
DA:35,45
DA:36,45
DA:47,22
DA:48,22
DA:49,22
DA:50,3
DA:51,3
DA:52,3
DA:54,30
DA:55,4
DA:56,4
DA:57,7
DA:58,7
DA:59,7
DA:60,7
LF:26
LH:26
BRDA:14,0,0,9
BRDA:19,1,0,7
BRDA:19,1,1,54
BRDA:24,2,0,2
BRDA:24,2,1,52
BRDA:29,3,0,22
BRDA:29,3,1,30
BRDA:54,4,0,4
BRDA:54,4,1,26
BRF:9
BRH:9
end_of_record
TN:
SF:/Users/nicolaslopezj/Code/Node/labs/projects/orionjs/packages/schema/src/getValidationErrors/getValidationErrorsObject.js
FN:1,(anonymous_0)
FNF:1
FNH:1
FNDA:9,(anonymous_0)
DA:2,9
DA:4,6
DA:6,6
DA:7,10
DA:10,6
LF:5
LH:5
BRDA:2,0,0,3
BRDA:2,0,1,6
BRF:2
BRH:2
end_of_record
TN:
SF:/Users/nicolaslopezj/Code/Node/labs/projects/orionjs/packages/schema/src/getValidationErrors/index.js
FN:4,(anonymous_0)
FN:7,(anonymous_1)
FNF:2
FNH:2
FNDA:9,(anonymous_0)
FNDA:10,(anonymous_1)
DA:5,9
DA:7,9
DA:8,10
DA:14,9
DA:23,9
LF:5
LH:5
BRF:0
BRH:0
end_of_record
TN:
SF:/Users/nicolaslopezj/Code/Node/labs/projects/orionjs/packages/schema/src/getValidationErrors/getError/getFieldType.js
FN:4,(anonymous_0)
FNF:1
FNH:1
FNDA:19,(anonymous_0)
DA:5,19
DA:6,19
DA:7,19
LF:3
LH:3
BRDA:6,0,0,0
BRDA:6,0,1,19
BRF:2
BRH:1
end_of_record
TN:
SF:/Users/nicolaslopezj/Code/Node/labs/projects/orionjs/packages/schema/src/getValidationErrors/getError/getFieldValidator.js
FN:7,(anonymous_0)
FNF:1
FNH:1
FNDA:83,(anonymous_0)
DA:8,83
DA:9,25
DA:10,23
DA:12,58
DA:13,53
DA:14,18
DA:15,17
DA:16,15
DA:18,10
DA:19,1
DA:22,9
DA:24,9
DA:25,1
DA:28,8
LF:14
LH:14
BRDA:8,0,0,25
BRDA:8,0,1,58
BRDA:9,1,0,2
BRDA:9,1,1,23
BRDA:12,2,0,5
BRDA:12,2,1,53
BRDA:13,3,0,35
BRDA:13,3,1,18
BRDA:14,4,0,1
BRDA:14,4,1,17
BRDA:15,5,0,2
BRDA:15,5,1,15
BRDA:16,6,0,5
BRDA:16,6,1,10
BRDA:18,7,0,1
BRDA:18,7,1,9
BRDA:24,8,0,1
BRDA:24,8,1,8
BRF:18
BRH:18
end_of_record
TN:
SF:/Users/nicolaslopezj/Code/Node/labs/projects/orionjs/packages/schema/src/getValidationErrors/getError/index.js
FN:6,(anonymous_0)
FNF:1
FNH:1
FNDA:65,(anonymous_0)
DA:7,65
DA:9,65
DA:10,10
DA:11,2
DA:13,8
DA:17,55
DA:18,55
DA:20,55
DA:21,55
DA:22,2
DA:25,53
DA:26,0
DA:27,0
DA:28,0
DA:32,53
LF:15
LH:12
BRDA:6,0,0,4
BRDA:9,1,0,10
BRDA:9,1,1,55
BRDA:10,2,0,2
BRDA:10,2,1,8
BRDA:18,3,0,2
BRDA:18,3,1,53
BRDA:21,4,0,2
BRDA:21,4,1,53
BRDA:25,5,0,0
BRDA:25,5,1,53
BRDA:27,6,0,0
BRDA:27,6,1,0
BRF:13
BRH:10
end_of_record
